<?xml version="1.0" encoding="UTF-8"?>
<coverage generated="1769155678268" clover="3.2.0">
  <project timestamp="1769155678268" name="All files">
    <metrics statements="78" coveredstatements="39" conditionals="134" coveredconditionals="59" methods="28" coveredmethods="13" elements="240" coveredelements="111" complexity="0" loc="78" ncloc="78" packages="2" files="3" classes="3"/>
    <package name="form-builder">
      <metrics statements="60" coveredstatements="21" conditionals="98" coveredconditionals="24" methods="22" coveredmethods="7"/>
      <file name="FormFieldRenderer.tsx" path="C:\Users\Gleyton\Documents\projetos\gds\gds-2025\frontend\src\components\form-builder\FormFieldRenderer.tsx">
        <metrics statements="60" coveredstatements="21" conditionals="98" coveredconditionals="24" methods="22" coveredmethods="7"/>
        <line num="34" count="28" type="cond" truecount="2" falsecount="0"/>
        <line num="35" count="23" type="cond" truecount="2" falsecount="0"/>
        <line num="37" count="17" type="cond" truecount="1" falsecount="1"/>
        <line num="39" count="0" type="stmt"/>
        <line num="48" count="16" type="cond" truecount="3" falsecount="0"/>
        <line num="49" count="16" type="cond" truecount="3" falsecount="0"/>
        <line num="51" count="16" type="cond" truecount="4" falsecount="0"/>
        <line num="52" count="14" type="stmt"/>
        <line num="58" count="2" type="stmt"/>
        <line num="67" count="36" type="cond" truecount="2" falsecount="0"/>
        <line num="68" count="32" type="stmt"/>
        <line num="70" count="16" type="cond" truecount="1" falsecount="1"/>
        <line num="71" count="16" type="stmt"/>
        <line num="74" count="0" type="stmt"/>
        <line num="82" count="16" type="cond" truecount="4" falsecount="0"/>
        <line num="83" count="2" type="stmt"/>
        <line num="87" count="14" type="stmt"/>
        <line num="88" count="16" type="stmt"/>
        <line num="89" count="16" type="stmt"/>
        <line num="93" count="16" type="stmt"/>
        <line num="95" count="16" type="cond" truecount="2" falsecount="6"/>
        <line num="97" count="15" type="stmt"/>
        <line num="99" count="1" type="stmt"/>
        <line num="101" count="0" type="cond" truecount="0" falsecount="4"/>
        <line num="103" count="0" type="stmt"/>
        <line num="105" count="0" type="stmt"/>
        <line num="107" count="0" type="cond" truecount="0" falsecount="4"/>
        <line num="109" count="0" type="cond" truecount="0" falsecount="4"/>
        <line num="111" count="0" type="stmt"/>
        <line num="126" count="0" type="cond" truecount="0" falsecount="2"/>
        <line num="127" count="0" type="stmt"/>
        <line num="130" count="0" type="stmt"/>
        <line num="131" count="0" type="stmt"/>
        <line num="132" count="0" type="cond" truecount="0" falsecount="3"/>
        <line num="134" count="0" type="cond" truecount="0" falsecount="7"/>
        <line num="136" count="0" type="stmt"/>
        <line num="141" count="0" type="stmt"/>
        <line num="153" count="0" type="stmt"/>
        <line num="159" count="0" type="cond" truecount="0" falsecount="2"/>
        <line num="171" count="0" type="stmt"/>
        <line num="177" count="0" type="stmt"/>
        <line num="194" count="0" type="stmt"/>
        <line num="200" count="0" type="stmt"/>
        <line num="217" count="0" type="cond" truecount="0" falsecount="2"/>
        <line num="219" count="0" type="cond" truecount="0" falsecount="4"/>
        <line num="221" count="0" type="stmt"/>
        <line num="235" count="0" type="stmt"/>
        <line num="236" count="0" type="stmt"/>
        <line num="238" count="0" type="cond" truecount="0" falsecount="2"/>
        <line num="243" count="0" type="stmt"/>
        <line num="261" count="0" type="stmt"/>
        <line num="266" count="0" type="stmt"/>
        <line num="272" count="0" type="stmt"/>
        <line num="286" count="0" type="stmt"/>
        <line num="292" count="0" type="stmt"/>
        <line num="297" count="0" type="stmt"/>
        <line num="298" count="0" type="stmt"/>
        <line num="300" count="0" type="stmt"/>
        <line num="304" count="0" type="stmt"/>
        <line num="319" count="0" type="stmt"/>
      </file>
    </package>
    <package name="quiz">
      <metrics statements="18" coveredstatements="18" conditionals="36" coveredconditionals="35" methods="6" coveredmethods="6"/>
      <file name="QuizQuestionResults.tsx" path="C:\Users\Gleyton\Documents\projetos\gds\gds-2025\frontend\src\components\quiz\QuizQuestionResults.tsx">
        <metrics statements="15" coveredstatements="15" conditionals="18" coveredconditionals="17" methods="5" coveredmethods="5"/>
        <line num="23" count="17" type="stmt"/>
        <line num="24" count="17" type="stmt"/>
        <line num="27" count="17" type="stmt"/>
        <line num="35" count="18" type="stmt"/>
        <line num="36" count="18" type="stmt"/>
        <line num="39" count="18" type="stmt"/>
        <line num="40" count="18" type="stmt"/>
        <line num="42" count="18" type="cond" truecount="2" falsecount="0"/>
        <line num="43" count="3" type="stmt"/>
        <line num="44" count="4" type="stmt"/>
        <line num="46" count="3" type="stmt"/>
        <line num="47" count="3" type="stmt"/>
        <line num="50" count="3" type="cond" truecount="2" falsecount="0"/>
        <line num="51" count="3" type="cond" truecount="1" falsecount="1"/>
        <line num="54" count="18" type="stmt"/>
      </file>
      <file name="QuizScore.tsx" path="C:\Users\Gleyton\Documents\projetos\gds\gds-2025\frontend\src\components\quiz\QuizScore.tsx">
        <metrics statements="3" coveredstatements="3" conditionals="18" coveredconditionals="18" methods="1" coveredmethods="1"/>
        <line num="15" count="19" type="cond" truecount="2" falsecount="0"/>
        <line num="16" count="19" type="cond" truecount="2" falsecount="0"/>
        <line num="18" count="19" type="stmt"/>
      </file>
    </package>
  </project>
</coverage>
