{"C:\\Users\\Gleyton\\Documents\\projetos\\gds\\gds-2025\\frontend\\src\\components\\form-builder\\FormFieldRenderer.tsx": {"path":"C:\\Users\\Gleyton\\Documents\\projetos\\gds\\gds-2025\\frontend\\src\\components\\form-builder\\FormFieldRenderer.tsx","statementMap":{"0":{"start":{"line":34,"column":2},"end":{"line":34,"column":null}},"1":{"start":{"line":34,"column":24},"end":{"line":34,"column":null}},"2":{"start":{"line":35,"column":2},"end":{"line":35,"column":null}},"3":{"start":{"line":35,"column":25},"end":{"line":35,"column":null}},"4":{"start":{"line":37,"column":2},"end":{"line":37,"column":null}},"5":{"start":{"line":37,"column":34},"end":{"line":37,"column":null}},"6":{"start":{"line":39,"column":2},"end":{"line":39,"column":null}},"7":{"start":{"line":48,"column":29},"end":{"line":48,"column":null}},"8":{"start":{"line":49,"column":33},"end":{"line":49,"column":null}},"9":{"start":{"line":51,"column":2},"end":{"line":56,"column":null}},"10":{"start":{"line":52,"column":4},"end":{"line":55,"column":null}},"11":{"start":{"line":58,"column":2},"end":{"line":58,"column":null}},"12":{"start":{"line":67,"column":4},"end":{"line":68,"column":null}},"13":{"start":{"line":67,"column":26},"end":{"line":67,"column":51}},"14":{"start":{"line":68,"column":26},"end":{"line":68,"column":53}},"15":{"start":{"line":70,"column":2},"end":{"line":72,"column":null}},"16":{"start":{"line":71,"column":4},"end":{"line":71,"column":null}},"17":{"start":{"line":74,"column":2},"end":{"line":74,"column":null}},"18":{"start":{"line":82,"column":2},"end":{"line":84,"column":null}},"19":{"start":{"line":83,"column":4},"end":{"line":83,"column":null}},"20":{"start":{"line":87,"column":2},"end":{"line":113,"column":null}},"21":{"start":{"line":88,"column":23},"end":{"line":88,"column":null}},"22":{"start":{"line":89,"column":27},"end":{"line":89,"column":null}},"23":{"start":{"line":93,"column":6},"end":{"line":93,"column":null}},"24":{"start":{"line":95,"column":4},"end":{"line":112,"column":null}},"25":{"start":{"line":97,"column":8},"end":{"line":97,"column":null}},"26":{"start":{"line":99,"column":8},"end":{"line":99,"column":null}},"27":{"start":{"line":101,"column":8},"end":{"line":101,"column":null}},"28":{"start":{"line":103,"column":8},"end":{"line":103,"column":null}},"29":{"start":{"line":105,"column":8},"end":{"line":105,"column":null}},"30":{"start":{"line":107,"column":8},"end":{"line":107,"column":null}},"31":{"start":{"line":109,"column":8},"end":{"line":109,"column":null}},"32":{"start":{"line":111,"column":8},"end":{"line":111,"column":null}},"33":{"start":{"line":126,"column":2},"end":{"line":128,"column":null}},"34":{"start":{"line":127,"column":4},"end":{"line":127,"column":null}},"35":{"start":{"line":130,"column":16},"end":{"line":130,"column":null}},"36":{"start":{"line":131,"column":19},"end":{"line":131,"column":null}},"37":{"start":{"line":132,"column":21},"end":{"line":132,"column":null}},"38":{"start":{"line":134,"column":2},"end":{"line":320,"column":null}},"39":{"start":{"line":136,"column":6},"end":{"line":149,"column":null}},"40":{"start":{"line":141,"column":27},"end":{"line":141,"column":null}},"41":{"start":{"line":153,"column":6},"end":{"line":167,"column":null}},"42":{"start":{"line":159,"column":27},"end":{"line":159,"column":null}},"43":{"start":{"line":171,"column":6},"end":{"line":190,"column":null}},"44":{"start":{"line":177,"column":33},"end":{"line":177,"column":null}},"45":{"start":{"line":194,"column":6},"end":{"line":212,"column":null}},"46":{"start":{"line":200,"column":27},"end":{"line":200,"column":null}},"47":{"start":{"line":217,"column":6},"end":{"line":258,"column":null}},"48":{"start":{"line":219,"column":32},"end":{"line":219,"column":null}},"49":{"start":{"line":221,"column":8},"end":{"line":256,"column":null}},"50":{"start":{"line":235,"column":39},"end":{"line":237,"column":null}},"51":{"start":{"line":236,"column":25},"end":{"line":236,"column":null}},"52":{"start":{"line":238,"column":16},"end":{"line":238,"column":null}},"53":{"start":{"line":243,"column":16},"end":{"line":248,"column":null}},"54":{"start":{"line":261,"column":6},"end":{"line":282,"column":null}},"55":{"start":{"line":266,"column":29},"end":{"line":266,"column":null}},"56":{"start":{"line":272,"column":14},"end":{"line":274,"column":null}},"57":{"start":{"line":286,"column":6},"end":{"line":315,"column":null}},"58":{"start":{"line":292,"column":29},"end":{"line":292,"column":null}},"59":{"start":{"line":297,"column":37},"end":{"line":299,"column":null}},"60":{"start":{"line":298,"column":30},"end":{"line":298,"column":84}},"61":{"start":{"line":298,"column":59},"end":{"line":298,"column":76}},"62":{"start":{"line":300,"column":14},"end":{"line":300,"column":null}},"63":{"start":{"line":304,"column":14},"end":{"line":307,"column":null}},"64":{"start":{"line":319,"column":6},"end":{"line":319,"column":null}}},"fnMap":{"0":{"name":"normalizeBooleanValue","decl":{"start":{"line":32,"column":9},"end":{"line":32,"column":31}},"loc":{"start":{"line":32,"column":48},"end":{"line":40,"column":null}},"line":32},"1":{"name":"normalizeForComparison","decl":{"start":{"line":46,"column":9},"end":{"line":46,"column":32}},"loc":{"start":{"line":46,"column":112},"end":{"line":59,"column":null}},"line":46},"2":{"name":"resolveConditionFieldValue","decl":{"start":{"line":61,"column":9},"end":{"line":61,"column":null}},"loc":{"start":{"line":65,"column":2},"end":{"line":75,"column":null}},"line":65},"3":{"name":"(anonymous_3)","decl":{"start":{"line":67,"column":19},"end":{"line":67,"column":20}},"loc":{"start":{"line":67,"column":26},"end":{"line":67,"column":51}},"line":67},"4":{"name":"(anonymous_4)","decl":{"start":{"line":68,"column":19},"end":{"line":68,"column":20}},"loc":{"start":{"line":68,"column":26},"end":{"line":68,"column":53}},"line":68},"5":{"name":"shouldShowField","decl":{"start":{"line":77,"column":16},"end":{"line":77,"column":null}},"loc":{"start":{"line":81,"column":11},"end":{"line":114,"column":null}},"line":81},"6":{"name":"(anonymous_6)","decl":{"start":{"line":87,"column":32},"end":{"line":87,"column":33}},"loc":{"start":{"line":87,"column":47},"end":{"line":113,"column":3}},"line":87},"7":{"name":"FormFieldRenderer","decl":{"start":{"line":116,"column":24},"end":{"line":116,"column":42}},"loc":{"start":{"line":125,"column":27},"end":{"line":321,"column":null}},"line":125},"8":{"name":"(anonymous_8)","decl":{"start":{"line":141,"column":20},"end":{"line":141,"column":21}},"loc":{"start":{"line":141,"column":27},"end":{"line":141,"column":null}},"line":141},"9":{"name":"(anonymous_9)","decl":{"start":{"line":159,"column":20},"end":{"line":159,"column":21}},"loc":{"start":{"line":159,"column":27},"end":{"line":159,"column":null}},"line":159},"10":{"name":"(anonymous_10)","decl":{"start":{"line":177,"column":26},"end":{"line":177,"column":27}},"loc":{"start":{"line":177,"column":33},"end":{"line":177,"column":null}},"line":177},"11":{"name":"(anonymous_11)","decl":{"start":{"line":200,"column":20},"end":{"line":200,"column":21}},"loc":{"start":{"line":200,"column":27},"end":{"line":200,"column":null}},"line":200},"12":{"name":"(anonymous_12)","decl":{"start":{"line":233,"column":24},"end":{"line":233,"column":25}},"loc":{"start":{"line":233,"column":31},"end":{"line":239,"column":null}},"line":233},"13":{"name":"(anonymous_13)","decl":{"start":{"line":236,"column":18},"end":{"line":236,"column":25}},"loc":{"start":{"line":236,"column":25},"end":{"line":236,"column":null}},"line":236},"14":{"name":"(anonymous_14)","decl":{"start":{"line":242,"column":34},"end":{"line":242,"column":35}},"loc":{"start":{"line":243,"column":16},"end":{"line":248,"column":null}},"line":243},"15":{"name":"(anonymous_15)","decl":{"start":{"line":266,"column":22},"end":{"line":266,"column":23}},"loc":{"start":{"line":266,"column":29},"end":{"line":266,"column":null}},"line":266},"16":{"name":"(anonymous_16)","decl":{"start":{"line":271,"column":32},"end":{"line":271,"column":33}},"loc":{"start":{"line":272,"column":14},"end":{"line":274,"column":null}},"line":272},"17":{"name":"(anonymous_17)","decl":{"start":{"line":292,"column":22},"end":{"line":292,"column":23}},"loc":{"start":{"line":292,"column":29},"end":{"line":292,"column":null}},"line":292},"18":{"name":"(anonymous_18)","decl":{"start":{"line":296,"column":25},"end":{"line":296,"column":26}},"loc":{"start":{"line":296,"column":39},"end":{"line":301,"column":null}},"line":296},"19":{"name":"(anonymous_19)","decl":{"start":{"line":298,"column":21},"end":{"line":298,"column":22}},"loc":{"start":{"line":298,"column":30},"end":{"line":298,"column":84}},"line":298},"20":{"name":"(anonymous_20)","decl":{"start":{"line":298,"column":50},"end":{"line":298,"column":51}},"loc":{"start":{"line":298,"column":59},"end":{"line":298,"column":76}},"line":298},"21":{"name":"(anonymous_21)","decl":{"start":{"line":303,"column":32},"end":{"line":303,"column":33}},"loc":{"start":{"line":304,"column":14},"end":{"line":307,"column":null}},"line":304}},"branchMap":{"0":{"loc":{"start":{"line":34,"column":2},"end":{"line":34,"column":null}},"type":"if","locations":[{"start":{"line":34,"column":2},"end":{"line":34,"column":null}},{"start":{},"end":{}}],"line":34},"1":{"loc":{"start":{"line":35,"column":2},"end":{"line":35,"column":null}},"type":"if","locations":[{"start":{"line":35,"column":2},"end":{"line":35,"column":null}},{"start":{},"end":{}}],"line":35},"2":{"loc":{"start":{"line":37,"column":2},"end":{"line":37,"column":null}},"type":"if","locations":[{"start":{"line":37,"column":2},"end":{"line":37,"column":null}},{"start":{},"end":{}}],"line":37},"3":{"loc":{"start":{"line":48,"column":29},"end":{"line":48,"column":null}},"type":"binary-expr","locations":[{"start":{"line":48,"column":29},"end":{"line":48,"column":64}},{"start":{"line":48,"column":64},"end":{"line":48,"column":89}},{"start":{"line":48,"column":89},"end":{"line":48,"column":null}}],"line":48},"4":{"loc":{"start":{"line":49,"column":33},"end":{"line":49,"column":null}},"type":"binary-expr","locations":[{"start":{"line":49,"column":33},"end":{"line":49,"column":72}},{"start":{"line":49,"column":72},"end":{"line":49,"column":101}},{"start":{"line":49,"column":101},"end":{"line":49,"column":null}}],"line":49},"5":{"loc":{"start":{"line":51,"column":2},"end":{"line":56,"column":null}},"type":"if","locations":[{"start":{"line":51,"column":2},"end":{"line":56,"column":null}},{"start":{},"end":{}}],"line":51},"6":{"loc":{"start":{"line":51,"column":6},"end":{"line":51,"column":52}},"type":"binary-expr","locations":[{"start":{"line":51,"column":6},"end":{"line":51,"column":28}},{"start":{"line":51,"column":28},"end":{"line":51,"column":52}}],"line":51},"7":{"loc":{"start":{"line":67,"column":4},"end":{"line":68,"column":null}},"type":"binary-expr","locations":[{"start":{"line":67,"column":4},"end":{"line":67,"column":null}},{"start":{"line":68,"column":4},"end":{"line":68,"column":null}}],"line":67},"8":{"loc":{"start":{"line":70,"column":2},"end":{"line":72,"column":null}},"type":"if","locations":[{"start":{"line":70,"column":2},"end":{"line":72,"column":null}},{"start":{},"end":{}}],"line":70},"9":{"loc":{"start":{"line":82,"column":2},"end":{"line":84,"column":null}},"type":"if","locations":[{"start":{"line":82,"column":2},"end":{"line":84,"column":null}},{"start":{},"end":{}}],"line":82},"10":{"loc":{"start":{"line":82,"column":6},"end":{"line":82,"column":58}},"type":"binary-expr","locations":[{"start":{"line":82,"column":6},"end":{"line":82,"column":27}},{"start":{"line":82,"column":27},"end":{"line":82,"column":58}}],"line":82},"11":{"loc":{"start":{"line":95,"column":4},"end":{"line":112,"column":null}},"type":"switch","locations":[{"start":{"line":96,"column":6},"end":{"line":97,"column":null}},{"start":{"line":98,"column":6},"end":{"line":99,"column":null}},{"start":{"line":100,"column":6},"end":{"line":101,"column":null}},{"start":{"line":102,"column":6},"end":{"line":103,"column":null}},{"start":{"line":104,"column":6},"end":{"line":105,"column":null}},{"start":{"line":106,"column":6},"end":{"line":107,"column":null}},{"start":{"line":108,"column":6},"end":{"line":109,"column":null}},{"start":{"line":110,"column":6},"end":{"line":111,"column":null}}],"line":95},"12":{"loc":{"start":{"line":101,"column":22},"end":{"line":101,"column":38}},"type":"binary-expr","locations":[{"start":{"line":101,"column":22},"end":{"line":101,"column":36}},{"start":{"line":101,"column":36},"end":{"line":101,"column":38}}],"line":101},"13":{"loc":{"start":{"line":101,"column":56},"end":{"line":101,"column":76}},"type":"binary-expr","locations":[{"start":{"line":101,"column":56},"end":{"line":101,"column":74}},{"start":{"line":101,"column":74},"end":{"line":101,"column":76}}],"line":101},"14":{"loc":{"start":{"line":107,"column":15},"end":{"line":107,"column":null}},"type":"binary-expr","locations":[{"start":{"line":107,"column":15},"end":{"line":107,"column":30}},{"start":{"line":107,"column":30},"end":{"line":107,"column":52}},{"start":{"line":107,"column":52},"end":{"line":107,"column":81}},{"start":{"line":107,"column":81},"end":{"line":107,"column":null}}],"line":107},"15":{"loc":{"start":{"line":109,"column":15},"end":{"line":109,"column":null}},"type":"binary-expr","locations":[{"start":{"line":109,"column":15},"end":{"line":109,"column":29}},{"start":{"line":109,"column":29},"end":{"line":109,"column":51}},{"start":{"line":109,"column":51},"end":{"line":109,"column":81}},{"start":{"line":109,"column":81},"end":{"line":109,"column":null}}],"line":109},"16":{"loc":{"start":{"line":123,"column":2},"end":{"line":123,"column":null}},"type":"default-arg","locations":[{"start":{"line":123,"column":13},"end":{"line":123,"column":null}}],"line":123},"17":{"loc":{"start":{"line":124,"column":2},"end":{"line":124,"column":null}},"type":"default-arg","locations":[{"start":{"line":124,"column":11},"end":{"line":124,"column":null}}],"line":124},"18":{"loc":{"start":{"line":126,"column":2},"end":{"line":128,"column":null}},"type":"if","locations":[{"start":{"line":126,"column":2},"end":{"line":128,"column":null}},{"start":{},"end":{}}],"line":126},"19":{"loc":{"start":{"line":132,"column":21},"end":{"line":132,"column":null}},"type":"binary-expr","locations":[{"start":{"line":132,"column":21},"end":{"line":132,"column":30}},{"start":{"line":132,"column":30},"end":{"line":132,"column":51}},{"start":{"line":132,"column":51},"end":{"line":132,"column":null}}],"line":132},"20":{"loc":{"start":{"line":134,"column":2},"end":{"line":320,"column":null}},"type":"switch","locations":[{"start":{"line":135,"column":4},"end":{"line":149,"column":null}},{"start":{"line":152,"column":4},"end":{"line":167,"column":null}},{"start":{"line":170,"column":4},"end":{"line":190,"column":null}},{"start":{"line":193,"column":4},"end":{"line":212,"column":null}},{"start":{"line":215,"column":4},"end":{"line":282,"column":null}},{"start":{"line":285,"column":4},"end":{"line":315,"column":null}},{"start":{"line":318,"column":4},"end":{"line":319,"column":null}}],"line":134},"21":{"loc":{"start":{"line":140,"column":17},"end":{"line":140,"column":null}},"type":"binary-expr","locations":[{"start":{"line":140,"column":17},"end":{"line":140,"column":26}},{"start":{"line":140,"column":26},"end":{"line":140,"column":null}}],"line":140},"22":{"loc":{"start":{"line":158,"column":17},"end":{"line":158,"column":null}},"type":"binary-expr","locations":[{"start":{"line":158,"column":17},"end":{"line":158,"column":26}},{"start":{"line":158,"column":26},"end":{"line":158,"column":null}}],"line":158},"23":{"loc":{"start":{"line":159,"column":36},"end":{"line":159,"column":82}},"type":"cond-expr","locations":[{"start":{"line":159,"column":53},"end":{"line":159,"column":78}},{"start":{"line":159,"column":78},"end":{"line":159,"column":82}}],"line":159},"24":{"loc":{"start":{"line":176,"column":25},"end":{"line":176,"column":null}},"type":"binary-expr","locations":[{"start":{"line":176,"column":25},"end":{"line":176,"column":34}},{"start":{"line":176,"column":34},"end":{"line":176,"column":null}}],"line":176},"25":{"loc":{"start":{"line":185,"column":11},"end":{"line":188,"column":null}},"type":"binary-expr","locations":[{"start":{"line":185,"column":11},"end":{"line":185,"column":null}},{"start":{"line":186,"column":12},"end":{"line":188,"column":null}}],"line":185},"26":{"loc":{"start":{"line":199,"column":17},"end":{"line":199,"column":null}},"type":"binary-expr","locations":[{"start":{"line":199,"column":17},"end":{"line":199,"column":26}},{"start":{"line":199,"column":26},"end":{"line":199,"column":null}}],"line":199},"27":{"loc":{"start":{"line":217,"column":6},"end":{"line":258,"column":null}},"type":"if","locations":[{"start":{"line":217,"column":6},"end":{"line":258,"column":null}},{"start":{},"end":{}}],"line":217},"28":{"loc":{"start":{"line":219,"column":32},"end":{"line":219,"column":null}},"type":"cond-expr","locations":[{"start":{"line":219,"column":72},"end":{"line":219,"column":88}},{"start":{"line":219,"column":88},"end":{"line":219,"column":null}}],"line":219},"29":{"loc":{"start":{"line":219,"column":32},"end":{"line":219,"column":72}},"type":"binary-expr","locations":[{"start":{"line":219,"column":32},"end":{"line":219,"column":50}},{"start":{"line":219,"column":50},"end":{"line":219,"column":72}}],"line":219},"30":{"loc":{"start":{"line":226,"column":13},"end":{"line":229,"column":null}},"type":"binary-expr","locations":[{"start":{"line":226,"column":13},"end":{"line":226,"column":null}},{"start":{"line":227,"column":14},"end":{"line":229,"column":null}}],"line":226},"31":{"loc":{"start":{"line":238,"column":25},"end":{"line":238,"column":79}},"type":"cond-expr","locations":[{"start":{"line":238,"column":42},"end":{"line":238,"column":65}},{"start":{"line":238,"column":65},"end":{"line":238,"column":79}}],"line":238},"32":{"loc":{"start":{"line":251,"column":13},"end":{"line":254,"column":null}},"type":"binary-expr","locations":[{"start":{"line":251,"column":13},"end":{"line":251,"column":null}},{"start":{"line":252,"column":14},"end":{"line":254,"column":null}}],"line":251},"33":{"loc":{"start":{"line":252,"column":32},"end":{"line":252,"column":76}},"type":"cond-expr","locations":[{"start":{"line":252,"column":43},"end":{"line":252,"column":58}},{"start":{"line":252,"column":58},"end":{"line":252,"column":76}}],"line":252},"34":{"loc":{"start":{"line":265,"column":19},"end":{"line":265,"column":null}},"type":"binary-expr","locations":[{"start":{"line":265,"column":19},"end":{"line":265,"column":28}},{"start":{"line":265,"column":28},"end":{"line":265,"column":null}}],"line":265},"35":{"loc":{"start":{"line":277,"column":11},"end":{"line":280,"column":null}},"type":"binary-expr","locations":[{"start":{"line":277,"column":11},"end":{"line":277,"column":null}},{"start":{"line":278,"column":12},"end":{"line":280,"column":null}}],"line":277},"36":{"loc":{"start":{"line":278,"column":30},"end":{"line":278,"column":74}},"type":"cond-expr","locations":[{"start":{"line":278,"column":41},"end":{"line":278,"column":56}},{"start":{"line":278,"column":56},"end":{"line":278,"column":74}}],"line":278},"37":{"loc":{"start":{"line":291,"column":19},"end":{"line":291,"column":null}},"type":"cond-expr","locations":[{"start":{"line":291,"column":42},"end":{"line":291,"column":50}},{"start":{"line":291,"column":50},"end":{"line":291,"column":null}}],"line":291},"38":{"loc":{"start":{"line":305,"column":35},"end":{"line":305,"column":89}},"type":"binary-expr","locations":[{"start":{"line":305,"column":35},"end":{"line":305,"column":59}},{"start":{"line":305,"column":59},"end":{"line":305,"column":89}}],"line":305},"39":{"loc":{"start":{"line":310,"column":11},"end":{"line":313,"column":null}},"type":"binary-expr","locations":[{"start":{"line":310,"column":11},"end":{"line":310,"column":null}},{"start":{"line":311,"column":12},"end":{"line":313,"column":null}}],"line":310},"40":{"loc":{"start":{"line":311,"column":30},"end":{"line":311,"column":74}},"type":"cond-expr","locations":[{"start":{"line":311,"column":41},"end":{"line":311,"column":56}},{"start":{"line":311,"column":56},"end":{"line":311,"column":74}}],"line":311}},"s":{"0":28,"1":5,"2":23,"3":6,"4":17,"5":17,"6":0,"7":16,"8":16,"9":16,"10":14,"11":2,"12":16,"13":36,"14":32,"15":16,"16":16,"17":0,"18":16,"19":2,"20":14,"21":16,"22":16,"23":16,"24":16,"25":15,"26":1,"27":0,"28":0,"29":0,"30":0,"31":0,"32":0,"33":0,"34":0,"35":0,"36":0,"37":0,"38":0,"39":0,"40":0,"41":0,"42":0,"43":0,"44":0,"45":0,"46":0,"47":0,"48":0,"49":0,"50":0,"51":0,"52":0,"53":0,"54":0,"55":0,"56":0,"57":0,"58":0,"59":0,"60":0,"61":0,"62":0,"63":0,"64":0},"f":{"0":28,"1":16,"2":16,"3":36,"4":32,"5":16,"6":16,"7":0,"8":0,"9":0,"10":0,"11":0,"12":0,"13":0,"14":0,"15":0,"16":0,"17":0,"18":0,"19":0,"20":0,"21":0},"b":{"0":[5,23],"1":[6,17],"2":[17,0],"3":[16,4,3],"4":[16,11,7],"5":[14,2],"6":[16,14],"7":[16,15],"8":[16,0],"9":[2,14],"10":[16,15],"11":[15,1,0,0,0,0,0,0],"12":[0,0],"13":[0,0],"14":[0,0,0,0],"15":[0,0,0,0],"16":[0],"17":[0],"18":[0,0],"19":[0,0,0],"20":[0,0,0,0,0,0,0],"21":[0,0],"22":[0,0],"23":[0,0],"24":[0,0],"25":[0,0],"26":[0,0],"27":[0,0],"28":[0,0],"29":[0,0],"30":[0,0],"31":[0,0],"32":[0,0],"33":[0,0],"34":[0,0],"35":[0,0],"36":[0,0],"37":[0,0],"38":[0,0],"39":[0,0],"40":[0,0]},"meta":{"lastBranch":41,"lastFunction":22,"lastStatement":65,"seen":{"f:32:9:32:31":0,"b:34:2:34:Infinity:undefined:undefined:undefined:undefined":0,"s:34:2:34:Infinity":0,"s:34:24:34:Infinity":1,"b:35:2:35:Infinity:undefined:undefined:undefined:undefined":1,"s:35:2:35:Infinity":2,"s:35:25:35:Infinity":3,"b:37:2:37:Infinity:undefined:undefined:undefined:undefined":2,"s:37:2:37:Infinity":4,"s:37:34:37:Infinity":5,"s:39:2:39:Infinity":6,"f:46:9:46:32":1,"s:48:29:48:Infinity":7,"b:48:29:48:64:48:64:48:89:48:89:48:Infinity":3,"s:49:33:49:Infinity":8,"b:49:33:49:72:49:72:49:101:49:101:49:Infinity":4,"b:51:2:56:Infinity:undefined:undefined:undefined:undefined":5,"s:51:2:56:Infinity":9,"b:51:6:51:28:51:28:51:52":6,"s:52:4:55:Infinity":10,"s:58:2:58:Infinity":11,"f:61:9:61:Infinity":2,"s:67:4:68:Infinity":12,"b:67:4:67:Infinity:68:4:68:Infinity":7,"f:67:19:67:20":3,"s:67:26:67:51":13,"f:68:19:68:20":4,"s:68:26:68:53":14,"b:70:2:72:Infinity:undefined:undefined:undefined:undefined":8,"s:70:2:72:Infinity":15,"s:71:4:71:Infinity":16,"s:74:2:74:Infinity":17,"f:77:16:77:Infinity":5,"b:82:2:84:Infinity:undefined:undefined:undefined:undefined":9,"s:82:2:84:Infinity":18,"b:82:6:82:27:82:27:82:58":10,"s:83:4:83:Infinity":19,"s:87:2:113:Infinity":20,"f:87:32:87:33":6,"s:88:23:88:Infinity":21,"s:89:27:89:Infinity":22,"s:93:6:93:Infinity":23,"b:96:6:97:Infinity:98:6:99:Infinity:100:6:101:Infinity:102:6:103:Infinity:104:6:105:Infinity:106:6:107:Infinity:108:6:109:Infinity:110:6:111:Infinity":11,"s:95:4:112:Infinity":24,"s:97:8:97:Infinity":25,"s:99:8:99:Infinity":26,"s:101:8:101:Infinity":27,"b:101:22:101:36:101:36:101:38":12,"b:101:56:101:74:101:74:101:76":13,"s:103:8:103:Infinity":28,"s:105:8:105:Infinity":29,"s:107:8:107:Infinity":30,"b:107:15:107:30:107:30:107:52:107:52:107:81:107:81:107:Infinity":14,"s:109:8:109:Infinity":31,"b:109:15:109:29:109:29:109:51:109:51:109:81:109:81:109:Infinity":15,"s:111:8:111:Infinity":32,"f:116:24:116:42":7,"b:123:13:123:Infinity":16,"b:124:11:124:Infinity":17,"b:126:2:128:Infinity:undefined:undefined:undefined:undefined":18,"s:126:2:128:Infinity":33,"s:127:4:127:Infinity":34,"s:130:16:130:Infinity":35,"s:131:19:131:Infinity":36,"s:132:21:132:Infinity":37,"b:132:21:132:30:132:30:132:51:132:51:132:Infinity":19,"b:135:4:149:Infinity:152:4:167:Infinity:170:4:190:Infinity:193:4:212:Infinity:215:4:282:Infinity:285:4:315:Infinity:318:4:319:Infinity":20,"s:134:2:320:Infinity":38,"s:136:6:149:Infinity":39,"b:140:17:140:26:140:26:140:Infinity":21,"f:141:20:141:21":8,"s:141:27:141:Infinity":40,"s:153:6:167:Infinity":41,"b:158:17:158:26:158:26:158:Infinity":22,"f:159:20:159:21":9,"s:159:27:159:Infinity":42,"b:159:53:159:78:159:78:159:82":23,"s:171:6:190:Infinity":43,"b:176:25:176:34:176:34:176:Infinity":24,"f:177:26:177:27":10,"s:177:33:177:Infinity":44,"b:185:11:185:Infinity:186:12:188:Infinity":25,"s:194:6:212:Infinity":45,"b:199:17:199:26:199:26:199:Infinity":26,"f:200:20:200:21":11,"s:200:27:200:Infinity":46,"b:217:6:258:Infinity:undefined:undefined:undefined:undefined":27,"s:217:6:258:Infinity":47,"s:219:32:219:Infinity":48,"b:219:72:219:88:219:88:219:Infinity":28,"b:219:32:219:50:219:50:219:72":29,"s:221:8:256:Infinity":49,"b:226:13:226:Infinity:227:14:229:Infinity":30,"f:233:24:233:25":12,"s:235:39:237:Infinity":50,"f:236:18:236:25":13,"s:236:25:236:Infinity":51,"s:238:16:238:Infinity":52,"b:238:42:238:65:238:65:238:79":31,"f:242:34:242:35":14,"s:243:16:248:Infinity":53,"b:251:13:251:Infinity:252:14:254:Infinity":32,"b:252:43:252:58:252:58:252:76":33,"s:261:6:282:Infinity":54,"b:265:19:265:28:265:28:265:Infinity":34,"f:266:22:266:23":15,"s:266:29:266:Infinity":55,"f:271:32:271:33":16,"s:272:14:274:Infinity":56,"b:277:11:277:Infinity:278:12:280:Infinity":35,"b:278:41:278:56:278:56:278:74":36,"s:286:6:315:Infinity":57,"b:291:42:291:50:291:50:291:Infinity":37,"f:292:22:292:23":17,"s:292:29:292:Infinity":58,"f:296:25:296:26":18,"s:297:37:299:Infinity":59,"f:298:21:298:22":19,"s:298:30:298:84":60,"f:298:50:298:51":20,"s:298:59:298:76":61,"s:300:14:300:Infinity":62,"f:303:32:303:33":21,"s:304:14:307:Infinity":63,"b:305:35:305:59:305:59:305:89":38,"b:310:11:310:Infinity:311:12:313:Infinity":39,"b:311:41:311:56:311:56:311:74":40,"s:319:6:319:Infinity":64}}}
,"C:\\Users\\Gleyton\\Documents\\projetos\\gds\\gds-2025\\frontend\\src\\components\\quiz\\QuizQuestionResults.tsx": {"path":"C:\\Users\\Gleyton\\Documents\\projetos\\gds\\gds-2025\\frontend\\src\\components\\quiz\\QuizQuestionResults.tsx","statementMap":{"0":{"start":{"line":23,"column":23},"end":{"line":25,"column":null}},"1":{"start":{"line":24,"column":37},"end":{"line":24,"column":56}},"2":{"start":{"line":27,"column":2},"end":{"line":126,"column":null}},"3":{"start":{"line":35,"column":27},"end":{"line":35,"column":null}},"4":{"start":{"line":36,"column":28},"end":{"line":36,"column":null}},"5":{"start":{"line":39,"column":32},"end":{"line":39,"column":null}},"6":{"start":{"line":40,"column":35},"end":{"line":40,"column":null}},"7":{"start":{"line":42,"column":10},"end":{"line":52,"column":null}},"8":{"start":{"line":43,"column":31},"end":{"line":45,"column":null}},"9":{"start":{"line":44,"column":23},"end":{"line":44,"column":null}},"10":{"start":{"line":46,"column":34},"end":{"line":48,"column":null}},"11":{"start":{"line":47,"column":23},"end":{"line":47,"column":null}},"12":{"start":{"line":50,"column":12},"end":{"line":50,"column":null}},"13":{"start":{"line":50,"column":28},"end":{"line":50,"column":null}},"14":{"start":{"line":51,"column":12},"end":{"line":51,"column":null}},"15":{"start":{"line":51,"column":31},"end":{"line":51,"column":null}},"16":{"start":{"line":54,"column":10},"end":{"line":122,"column":null}}},"fnMap":{"0":{"name":"QuizQuestionResults","decl":{"start":{"line":18,"column":24},"end":{"line":18,"column":44}},"loc":{"start":{"line":21,"column":29},"end":{"line":128,"column":null}},"line":21},"1":{"name":"(anonymous_1)","decl":{"start":{"line":24,"column":26},"end":{"line":24,"column":27}},"loc":{"start":{"line":24,"column":37},"end":{"line":24,"column":56}},"line":24},"2":{"name":"(anonymous_2)","decl":{"start":{"line":34,"column":29},"end":{"line":34,"column":30}},"loc":{"start":{"line":34,"column":48},"end":{"line":124,"column":9}},"line":34},"3":{"name":"(anonymous_3)","decl":{"start":{"line":44,"column":14},"end":{"line":44,"column":15}},"loc":{"start":{"line":44,"column":23},"end":{"line":44,"column":null}},"line":44},"4":{"name":"(anonymous_4)","decl":{"start":{"line":47,"column":14},"end":{"line":47,"column":15}},"loc":{"start":{"line":47,"column":23},"end":{"line":47,"column":null}},"line":47}},"branchMap":{"0":{"loc":{"start":{"line":42,"column":10},"end":{"line":52,"column":null}},"type":"if","locations":[{"start":{"line":42,"column":10},"end":{"line":52,"column":null}},{"start":{},"end":{}}],"line":42},"1":{"loc":{"start":{"line":50,"column":12},"end":{"line":50,"column":null}},"type":"if","locations":[{"start":{"line":50,"column":12},"end":{"line":50,"column":null}},{"start":{},"end":{}}],"line":50},"2":{"loc":{"start":{"line":51,"column":12},"end":{"line":51,"column":null}},"type":"if","locations":[{"start":{"line":51,"column":12},"end":{"line":51,"column":null}},{"start":{},"end":{}}],"line":51},"3":{"loc":{"start":{"line":62,"column":41},"end":{"line":62,"column":82}},"type":"cond-expr","locations":[{"start":{"line":62,"column":53},"end":{"line":62,"column":70}},{"start":{"line":62,"column":70},"end":{"line":62,"column":82}}],"line":62},"4":{"loc":{"start":{"line":67,"column":19},"end":{"line":70,"column":null}},"type":"cond-expr","locations":[{"start":{"line":68,"column":20},"end":{"line":68,"column":null}},{"start":{"line":70,"column":20},"end":{"line":70,"column":null}}],"line":67},"5":{"loc":{"start":{"line":77,"column":23},"end":{"line":77,"column":null}},"type":"binary-expr","locations":[{"start":{"line":77,"column":23},"end":{"line":77,"column":42}},{"start":{"line":77,"column":42},"end":{"line":77,"column":null}}],"line":77},"6":{"loc":{"start":{"line":94,"column":21},"end":{"line":102,"column":null}},"type":"binary-expr","locations":[{"start":{"line":94,"column":21},"end":{"line":94,"column":null}},{"start":{"line":95,"column":22},"end":{"line":102,"column":null}}],"line":94},"7":{"loc":{"start":{"line":105,"column":21},"end":{"line":117,"column":null}},"type":"binary-expr","locations":[{"start":{"line":105,"column":21},"end":{"line":105,"column":null}},{"start":{"line":106,"column":22},"end":{"line":117,"column":null}}],"line":105},"8":{"loc":{"start":{"line":56,"column":19},"end":{"line":56,"column":null}},"type":"binary-expr","locations":[{"start":{"line":56,"column":19},"end":{"line":56,"column":42}},{"start":{"line":56,"column":42},"end":{"line":56,"column":null}}],"line":56}},"s":{"0":17,"1":17,"2":17,"3":18,"4":18,"5":18,"6":18,"7":18,"8":3,"9":4,"10":3,"11":3,"12":3,"13":2,"14":3,"15":3,"16":18},"f":{"0":17,"1":17,"2":18,"3":4,"4":3},"b":{"0":[3,15],"1":[2,1],"2":[3,0],"3":[12,6],"4":[12,6],"5":[18,2],"6":[18,6],"7":[18,2],"8":[18,1]},"meta":{"lastBranch":9,"lastFunction":5,"lastStatement":17,"seen":{"f:18:24:18:44":0,"s:23:23:25:Infinity":0,"f:24:26:24:27":1,"s:24:37:24:56":1,"s:27:2:126:Infinity":2,"f:34:29:34:30":2,"s:35:27:35:Infinity":3,"s:36:28:36:Infinity":4,"s:39:32:39:Infinity":5,"s:40:35:40:Infinity":6,"b:42:10:52:Infinity:undefined:undefined:undefined:undefined":0,"s:42:10:52:Infinity":7,"s:43:31:45:Infinity":8,"f:44:14:44:15":3,"s:44:23:44:Infinity":9,"s:46:34:48:Infinity":10,"f:47:14:47:15":4,"s:47:23:47:Infinity":11,"b:50:12:50:Infinity:undefined:undefined:undefined:undefined":1,"s:50:12:50:Infinity":12,"s:50:28:50:Infinity":13,"b:51:12:51:Infinity:undefined:undefined:undefined:undefined":2,"s:51:12:51:Infinity":14,"s:51:31:51:Infinity":15,"s:54:10:122:Infinity":16,"b:62:53:62:70:62:70:62:82":3,"b:68:20:68:Infinity:70:20:70:Infinity":4,"b:77:23:77:42:77:42:77:Infinity":5,"b:94:21:94:Infinity:95:22:102:Infinity":6,"b:105:21:105:Infinity:106:22:117:Infinity":7,"b:56:19:56:42:56:42:56:Infinity":8}}}
,"C:\\Users\\Gleyton\\Documents\\projetos\\gds\\gds-2025\\frontend\\src\\components\\quiz\\QuizScore.tsx": {"path":"C:\\Users\\Gleyton\\Documents\\projetos\\gds\\gds-2025\\frontend\\src\\components\\quiz\\QuizScore.tsx","statementMap":{"0":{"start":{"line":15,"column":21},"end":{"line":15,"column":null}},"1":{"start":{"line":16,"column":19},"end":{"line":16,"column":null}},"2":{"start":{"line":18,"column":2},"end":{"line":81,"column":null}}},"fnMap":{"0":{"name":"QuizScore","decl":{"start":{"line":10,"column":24},"end":{"line":10,"column":34}},"loc":{"start":{"line":14,"column":19},"end":{"line":83,"column":null}},"line":14}},"branchMap":{"0":{"loc":{"start":{"line":12,"column":2},"end":{"line":12,"column":null}},"type":"default-arg","locations":[{"start":{"line":12,"column":16},"end":{"line":12,"column":null}}],"line":12},"1":{"loc":{"start":{"line":15,"column":21},"end":{"line":15,"column":null}},"type":"binary-expr","locations":[{"start":{"line":15,"column":21},"end":{"line":15,"column":46}},{"start":{"line":15,"column":46},"end":{"line":15,"column":null}}],"line":15},"2":{"loc":{"start":{"line":16,"column":19},"end":{"line":16,"column":null}},"type":"binary-expr","locations":[{"start":{"line":16,"column":19},"end":{"line":16,"column":42}},{"start":{"line":16,"column":42},"end":{"line":16,"column":null}}],"line":16},"3":{"loc":{"start":{"line":38,"column":19},"end":{"line":38,"column":null}},"type":"cond-expr","locations":[{"start":{"line":38,"column":30},"end":{"line":38,"column":47}},{"start":{"line":38,"column":47},"end":{"line":38,"column":null}}],"line":38},"4":{"loc":{"start":{"line":48,"column":17},"end":{"line":48,"column":null}},"type":"cond-expr","locations":[{"start":{"line":48,"column":28},"end":{"line":48,"column":40}},{"start":{"line":48,"column":40},"end":{"line":48,"column":null}}],"line":48},"5":{"loc":{"start":{"line":52,"column":7},"end":{"line":65,"column":null}},"type":"binary-expr","locations":[{"start":{"line":52,"column":7},"end":{"line":52,"column":32}},{"start":{"line":52,"column":32},"end":{"line":52,"column":null}},{"start":{"line":53,"column":8},"end":{"line":65,"column":null}}],"line":52},"6":{"loc":{"start":{"line":55,"column":13},"end":{"line":62,"column":null}},"type":"cond-expr","locations":[{"start":{"line":56,"column":14},"end":{"line":58,"column":null}},{"start":{"line":60,"column":14},"end":{"line":62,"column":null}}],"line":55},"7":{"loc":{"start":{"line":68,"column":7},"end":{"line":79,"column":null}},"type":"binary-expr","locations":[{"start":{"line":68,"column":7},"end":{"line":68,"column":null}},{"start":{"line":69,"column":8},"end":{"line":79,"column":null}}],"line":68},"8":{"loc":{"start":{"line":73,"column":11},"end":{"line":77,"column":null}},"type":"binary-expr","locations":[{"start":{"line":73,"column":11},"end":{"line":73,"column":null}},{"start":{"line":74,"column":12},"end":{"line":77,"column":null}}],"line":73}},"s":{"0":19,"1":19,"2":19},"f":{"0":19},"b":{"0":[19],"1":[19,1],"2":[19,1],"3":[13,6],"4":[13,6],"5":[19,18,3],"6":[2,1],"7":[19,18],"8":[18,1]},"meta":{"lastBranch":9,"lastFunction":1,"lastStatement":3,"seen":{"f:10:24:10:34":0,"b:12:16:12:Infinity":0,"s:15:21:15:Infinity":0,"b:15:21:15:46:15:46:15:Infinity":1,"s:16:19:16:Infinity":1,"b:16:19:16:42:16:42:16:Infinity":2,"s:18:2:81:Infinity":2,"b:38:30:38:47:38:47:38:Infinity":3,"b:48:28:48:40:48:40:48:Infinity":4,"b:52:7:52:32:52:32:52:Infinity:53:8:65:Infinity":5,"b:56:14:58:Infinity:60:14:62:Infinity":6,"b:68:7:68:Infinity:69:8:79:Infinity":7,"b:73:11:73:Infinity:74:12:77:Infinity":8}}}
}
